<?xml version="1.0" encoding="UTF-8"?>
<!-- Generated by org.testng.reporters.JUnitReportReporter -->
<testsuite hostname="DESKTOP-3RJ9V1R" failures="0" tests="3" name="apiautomation.DynamicJson" time="5.625" errors="0" timestamp="2024-11-15T00:31:02 IST" skipped="0">
  <testcase classname="apiautomation.DynamicJson" name="addBook" time="0.221"/>
  <testcase classname="apiautomation.DynamicJson" name="addBook" time="0.223"/>
  <testcase classname="apiautomation.DynamicJson" name="addBook" time="5.181"/>
</testsuite> <!-- apiautomation.DynamicJson -->
